Started GET "/" for ::1 at 2024-12-18 16:58:53 +0900
Processing by Rails::WelcomeController#index as HTML
  Rendering C:/Ruby27-x64/lib/ruby/gems/2.7.0/gems/railties-5.2.8.1/lib/rails/templates/rails/welcome/index.html.erb
  Rendered C:/Ruby27-x64/lib/ruby/gems/2.7.0/gems/railties-5.2.8.1/lib/rails/templates/rails/welcome/index.html.erb (9.7ms)
Completed 200 OK in 49ms (Views: 39.0ms | ActiveRecord: 0.0ms)


  [1m[35m (0.1ms)[0m  [1m[34mSELECT sqlite_version(*)[0m
  ↳ bin/rails:4
  [1m[35m (19.8ms)[0m  [1m[35mCREATE TABLE "schema_migrations" ("version" varchar NOT NULL PRIMARY KEY)[0m
  ↳ bin/rails:4
  [1m[35m (9.9ms)[0m  [1m[35mCREATE TABLE "ar_internal_metadata" ("key" varchar NOT NULL PRIMARY KEY, "value" varchar, "created_at" datetime NOT NULL, "updated_at" datetime NOT NULL)[0m
  ↳ bin/rails:4
  [1m[35m (0.7ms)[0m  [1m[34mSELECT "schema_migrations"."version" FROM "schema_migrations" ORDER BY "schema_migrations"."version" ASC[0m
  ↳ bin/rails:4
Migrating to CreatePosts (20241218080359)
  [1m[35m (0.1ms)[0m  [1m[36mbegin transaction[0m
  ↳ bin/rails:4
  [1m[35m (1.4ms)[0m  [1m[35mCREATE TABLE "posts" ("id" integer PRIMARY KEY AUTOINCREMENT NOT NULL, "title" varchar, "content" text, "created_at" datetime NOT NULL, "updated_at" datetime NOT NULL)[0m
  ↳ db/migrate/20241218080359_create_posts.rb:3
  [1m[36mActiveRecord::SchemaMigration Create (0.9ms)[0m  [1m[32mINSERT INTO "schema_migrations" ("version") VALUES (?)[0m  [["version", "20241218080359"]]
  ↳ bin/rails:4
  [1m[35m (16.5ms)[0m  [1m[36mcommit transaction[0m
  ↳ bin/rails:4
  [1m[36mActiveRecord::InternalMetadata Load (0.4ms)[0m  [1m[34mSELECT  "ar_internal_metadata".* FROM "ar_internal_metadata" WHERE "ar_internal_metadata"."key" = ? LIMIT ?[0m  [["key", "environment"], ["LIMIT", 1]]
  ↳ bin/rails:4
  [1m[35m (0.1ms)[0m  [1m[36mbegin transaction[0m
  ↳ bin/rails:4
  [1m[36mActiveRecord::InternalMetadata Create (1.3ms)[0m  [1m[32mINSERT INTO "ar_internal_metadata" ("key", "value", "created_at", "updated_at") VALUES (?, ?, ?, ?)[0m  [["key", "environment"], ["value", "development"], ["created_at", "2024-12-18 08:04:22.021615"], ["updated_at", "2024-12-18 08:04:22.021615"]]
  ↳ bin/rails:4
  [1m[35m (20.5ms)[0m  [1m[36mcommit transaction[0m
  ↳ bin/rails:4
  [1m[35m (0.4ms)[0m  [1m[34mSELECT "schema_migrations"."version" FROM "schema_migrations" ORDER BY "schema_migrations"."version" ASC[0m
  ↳ bin/rails:4
Started GET "/" for ::1 at 2024-12-18 17:20:37 +0900
  [1m[35m (0.3ms)[0m  [1m[34mSELECT "schema_migrations"."version" FROM "schema_migrations" ORDER BY "schema_migrations"."version" ASC[0m
  ↳ C:/Ruby27-x64/lib/ruby/gems/2.7.0/gems/activerecord-5.2.8.1/lib/active_record/log_subscriber.rb:98
Processing by Rails::WelcomeController#index as HTML
  Rendering C:/Ruby27-x64/lib/ruby/gems/2.7.0/gems/railties-5.2.8.1/lib/rails/templates/rails/welcome/index.html.erb
  Rendered C:/Ruby27-x64/lib/ruby/gems/2.7.0/gems/railties-5.2.8.1/lib/rails/templates/rails/welcome/index.html.erb (3.3ms)
Completed 200 OK in 32ms (Views: 13.4ms | ActiveRecord: 0.0ms)


Started GET "/posts" for ::1 at 2024-12-18 17:20:54 +0900
Processing by PostsController#index as HTML
  Rendering posts/index.html.erb within layouts/application
  [1m[36mPost Load (0.5ms)[0m  [1m[34mSELECT "posts".* FROM "posts"[0m
  ↳ app/views/posts/index.html.erb:15
  Rendered posts/index.html.erb within layouts/application (5.3ms)
Completed 200 OK in 1991ms (Views: 1960.5ms | ActiveRecord: 1.3ms)


Started GET "/" for ::1 at 2024-12-18 17:23:44 +0900
  [1m[35m (0.6ms)[0m  [1m[34mSELECT "schema_migrations"."version" FROM "schema_migrations" ORDER BY "schema_migrations"."version" ASC[0m
  ↳ C:/Ruby27-x64/lib/ruby/gems/2.7.0/gems/activerecord-5.2.8.1/lib/active_record/log_subscriber.rb:98
Processing by PostsController#index as HTML
  Rendering posts/index.html.erb within layouts/application
  [1m[36mPost Load (0.4ms)[0m  [1m[34mSELECT "posts".* FROM "posts"[0m
  ↳ app/views/posts/index.html.erb:15
  Rendered posts/index.html.erb within layouts/application (9.6ms)
Completed 200 OK in 528ms (Views: 472.0ms | ActiveRecord: 1.3ms)


Started GET "/posts/new" for ::1 at 2024-12-18 17:23:47 +0900
Processing by PostsController#new as HTML
  Rendering posts/new.html.erb within layouts/application
  Rendered posts/_form.html.erb (259.6ms)
  Rendered posts/new.html.erb within layouts/application (270.0ms)
Completed 200 OK in 365ms (Views: 350.5ms | ActiveRecord: 5.8ms)


Started GET "/posts" for ::1 at 2024-12-18 17:23:50 +0900
Processing by PostsController#index as HTML
  Rendering posts/index.html.erb within layouts/application
  [1m[36mPost Load (0.3ms)[0m  [1m[34mSELECT "posts".* FROM "posts"[0m
  ↳ app/views/posts/index.html.erb:15
  Rendered posts/index.html.erb within layouts/application (2.8ms)
Completed 200 OK in 127ms (Views: 120.0ms | ActiveRecord: 0.3ms)


Started GET "/posts/new" for ::1 at 2024-12-18 17:23:53 +0900
Processing by PostsController#new as HTML
  Rendering posts/new.html.erb within layouts/application
  Rendered posts/_form.html.erb (2.2ms)
  Rendered posts/new.html.erb within layouts/application (6.3ms)
Completed 200 OK in 105ms (Views: 99.7ms | ActiveRecord: 0.0ms)


Started POST "/posts" for ::1 at 2024-12-18 17:42:13 +0900
Processing by PostsController#create as HTML
  Parameters: {"utf8"=>"✓", "authenticity_token"=>"A6ReYehp4vC5gDISe8w8cTYgJxhKyCnnsp8Ey6QeXdiVEIbSiLpb4uqT1DoauHG4P4YTPOLJKZzG3pSoP0o9bw==", "post"=>{"title"=>"ねむにゃん", "content"=>"ねむねむにゃんこだにゃん"}, "commit"=>"Create Post"}
  [1m[35m (0.1ms)[0m  [1m[36mbegin transaction[0m
  ↳ app/controllers/posts_controller.rb:27
  [1m[36mPost Create (2.3ms)[0m  [1m[32mINSERT INTO "posts" ("title", "content", "created_at", "updated_at") VALUES (?, ?, ?, ?)[0m  [["title", "ねむにゃん"], ["content", "ねむねむにゃんこだにゃん"], ["created_at", "2024-12-18 08:42:13.775700"], ["updated_at", "2024-12-18 08:42:13.775700"]]
  ↳ app/controllers/posts_controller.rb:27
  [1m[35m (29.3ms)[0m  [1m[36mcommit transaction[0m
  ↳ app/controllers/posts_controller.rb:27
Redirected to http://localhost:3000/posts/1
Completed 302 Found in 41ms (ActiveRecord: 31.7ms)


Started GET "/posts/1" for ::1 at 2024-12-18 17:42:13 +0900
Processing by PostsController#show as HTML
  Parameters: {"id"=>"1"}
  [1m[36mPost Load (1.5ms)[0m  [1m[34mSELECT  "posts".* FROM "posts" WHERE "posts"."id" = ? LIMIT ?[0m  [["id", 1], ["LIMIT", 1]]
  ↳ app/controllers/posts_controller.rb:63
  Rendering posts/show.html.erb within layouts/application
  Rendered posts/show.html.erb within layouts/application (0.9ms)
Completed 200 OK in 157ms (Views: 79.9ms | ActiveRecord: 1.5ms)


Started GET "/posts/1/edit" for ::1 at 2024-12-18 17:42:15 +0900
Processing by PostsController#edit as HTML
  Parameters: {"id"=>"1"}
  [1m[36mPost Load (0.3ms)[0m  [1m[34mSELECT  "posts".* FROM "posts" WHERE "posts"."id" = ? LIMIT ?[0m  [["id", 1], ["LIMIT", 1]]
  ↳ app/controllers/posts_controller.rb:63
  Rendering posts/edit.html.erb within layouts/application
  Rendered posts/_form.html.erb (11.2ms)
  Rendered posts/edit.html.erb within layouts/application (24.1ms)
Completed 200 OK in 121ms (Views: 112.4ms | ActiveRecord: 0.3ms)


Started GET "/posts/1" for ::1 at 2024-12-18 17:42:18 +0900
Processing by PostsController#show as HTML
  Parameters: {"id"=>"1"}
  [1m[36mPost Load (0.5ms)[0m  [1m[34mSELECT  "posts".* FROM "posts" WHERE "posts"."id" = ? LIMIT ?[0m  [["id", 1], ["LIMIT", 1]]
  ↳ app/controllers/posts_controller.rb:63
  Rendering posts/show.html.erb within layouts/application
  Rendered posts/show.html.erb within layouts/application (1.1ms)
Completed 200 OK in 78ms (Views: 70.5ms | ActiveRecord: 0.5ms)


Started GET "/posts" for ::1 at 2024-12-18 17:42:39 +0900
Processing by PostsController#index as HTML
  Rendering posts/index.html.erb within layouts/application
  [1m[36mPost Load (0.4ms)[0m  [1m[34mSELECT "posts".* FROM "posts"[0m
  ↳ app/views/posts/index.html.erb:15
  Rendered posts/index.html.erb within layouts/application (2.9ms)
Completed 200 OK in 81ms (Views: 75.9ms | ActiveRecord: 0.4ms)


Started GET "/index" for ::1 at 2024-12-18 17:42:57 +0900
  
ActionController::RoutingError (No route matches [GET] "/index"):
  
actionpack (5.2.8.1) lib/action_dispatch/middleware/debug_exceptions.rb:65:in `call'
web-console (3.7.0) lib/web_console/middleware.rb:135:in `call_app'
web-console (3.7.0) lib/web_console/middleware.rb:30:in `block in call'
web-console (3.7.0) lib/web_console/middleware.rb:20:in `catch'
web-console (3.7.0) lib/web_console/middleware.rb:20:in `call'
actionpack (5.2.8.1) lib/action_dispatch/middleware/show_exceptions.rb:33:in `call'
railties (5.2.8.1) lib/rails/rack/logger.rb:38:in `call_app'
railties (5.2.8.1) lib/rails/rack/logger.rb:26:in `block in call'
activesupport (5.2.8.1) lib/active_support/tagged_logging.rb:71:in `block in tagged'
activesupport (5.2.8.1) lib/active_support/tagged_logging.rb:28:in `tagged'
activesupport (5.2.8.1) lib/active_support/tagged_logging.rb:71:in `tagged'
railties (5.2.8.1) lib/rails/rack/logger.rb:26:in `call'
sprockets-rails (3.4.2) lib/sprockets/rails/quiet_assets.rb:13:in `call'
actionpack (5.2.8.1) lib/action_dispatch/middleware/remote_ip.rb:81:in `call'
actionpack (5.2.8.1) lib/action_dispatch/middleware/request_id.rb:27:in `call'
rack (2.2.10) lib/rack/method_override.rb:24:in `call'
rack (2.2.10) lib/rack/runtime.rb:22:in `call'
activesupport (5.2.8.1) lib/active_support/cache/strategy/local_cache_middleware.rb:29:in `call'
actionpack (5.2.8.1) lib/action_dispatch/middleware/executor.rb:14:in `call'
actionpack (5.2.8.1) lib/action_dispatch/middleware/static.rb:127:in `call'
rack (2.2.10) lib/rack/sendfile.rb:110:in `call'
railties (5.2.8.1) lib/rails/engine.rb:524:in `call'
puma (3.12.6) lib/puma/configuration.rb:227:in `call'
puma (3.12.6) lib/puma/server.rb:706:in `handle_request'
puma (3.12.6) lib/puma/server.rb:476:in `process_client'
puma (3.12.6) lib/puma/server.rb:334:in `block in run'
puma (3.12.6) lib/puma/thread_pool.rb:135:in `block in spawn_thread'
Started GET "/posts/1/edit" for ::1 at 2024-12-18 17:43:26 +0900
Processing by PostsController#edit as HTML
  Parameters: {"id"=>"1"}
  [1m[36mPost Load (0.3ms)[0m  [1m[34mSELECT  "posts".* FROM "posts" WHERE "posts"."id" = ? LIMIT ?[0m  [["id", 1], ["LIMIT", 1]]
  ↳ app/controllers/posts_controller.rb:63
  Rendering posts/edit.html.erb within layouts/application
  Rendered posts/_form.html.erb (2.7ms)
  Rendered posts/edit.html.erb within layouts/application (9.8ms)
Completed 200 OK in 97ms (Views: 89.7ms | ActiveRecord: 0.3ms)


Started GET "/posts/1" for ::1 at 2024-12-18 17:44:05 +0900
Processing by PostsController#show as HTML
  Parameters: {"id"=>"1"}
  [1m[36mPost Load (0.4ms)[0m  [1m[34mSELECT  "posts".* FROM "posts" WHERE "posts"."id" = ? LIMIT ?[0m  [["id", 1], ["LIMIT", 1]]
  ↳ app/controllers/posts_controller.rb:63
  Rendering posts/show.html.erb within layouts/application
  Rendered posts/show.html.erb within layouts/application (1.2ms)
Completed 200 OK in 112ms (Views: 99.2ms | ActiveRecord: 0.4ms)


Started GET "/" for ::1 at 2024-12-18 17:45:19 +0900
  [1m[35m (0.4ms)[0m  [1m[34mSELECT "schema_migrations"."version" FROM "schema_migrations" ORDER BY "schema_migrations"."version" ASC[0m
  ↳ C:/Ruby27-x64/lib/ruby/gems/2.7.0/gems/activerecord-5.2.8.1/lib/active_record/log_subscriber.rb:98
Processing by PostsController#index as HTML
  Rendering posts/index.html.erb within layouts/application
  [1m[36mPost Load (0.4ms)[0m  [1m[34mSELECT "posts".* FROM "posts"[0m
  ↳ app/views/posts/index.html.erb:15
  Rendered posts/index.html.erb within layouts/application (15.4ms)
Completed 200 OK in 350ms (Views: 326.4ms | ActiveRecord: 2.8ms)


Started GET "/posts/1" for ::1 at 2024-12-18 17:45:40 +0900
Processing by PostsController#show as HTML
  Parameters: {"id"=>"1"}
  [1m[36mPost Load (0.4ms)[0m  [1m[34mSELECT  "posts".* FROM "posts" WHERE "posts"."id" = ? LIMIT ?[0m  [["id", 1], ["LIMIT", 1]]
  ↳ app/controllers/posts_controller.rb:63
  Rendering posts/show.html.erb within layouts/application
  Rendered posts/show.html.erb within layouts/application (1.6ms)
Completed 200 OK in 277ms (Views: 78.9ms | ActiveRecord: 0.4ms)


Started GET "/posts" for ::1 at 2024-12-18 17:45:42 +0900
Processing by PostsController#index as HTML
  Rendering posts/index.html.erb within layouts/application
  [1m[36mPost Load (0.3ms)[0m  [1m[34mSELECT "posts".* FROM "posts"[0m
  ↳ app/views/posts/index.html.erb:15
  Rendered posts/index.html.erb within layouts/application (3.5ms)
Completed 200 OK in 91ms (Views: 86.6ms | ActiveRecord: 0.3ms)


Started GET "/posts/1/edit" for ::1 at 2024-12-18 17:45:44 +0900
Processing by PostsController#edit as HTML
  Parameters: {"id"=>"1"}
  [1m[36mPost Load (0.3ms)[0m  [1m[34mSELECT  "posts".* FROM "posts" WHERE "posts"."id" = ? LIMIT ?[0m  [["id", 1], ["LIMIT", 1]]
  ↳ app/controllers/posts_controller.rb:63
  Rendering posts/edit.html.erb within layouts/application
  Rendered posts/_form.html.erb (31.6ms)
  Rendered posts/edit.html.erb within layouts/application (37.5ms)
Completed 200 OK in 114ms (Views: 105.7ms | ActiveRecord: 0.3ms)


Started GET "/posts" for ::1 at 2024-12-18 17:45:48 +0900
Processing by PostsController#index as HTML
  Rendering posts/index.html.erb within layouts/application
  [1m[36mPost Load (0.3ms)[0m  [1m[34mSELECT "posts".* FROM "posts"[0m
  ↳ app/views/posts/index.html.erb:15
  Rendered posts/index.html.erb within layouts/application (4.0ms)
Completed 200 OK in 101ms (Views: 97.0ms | ActiveRecord: 0.3ms)


Started DELETE "/posts/1" for ::1 at 2024-12-18 17:53:02 +0900
Processing by PostsController#destroy as HTML
  Parameters: {"authenticity_token"=>"/1zGJ7pnKvXfX3ZC0JjRHN5nK0FhXwXIp2xm6a6XWviFoEaXeLIwsMJ+1yIWM60Yi6DShpQ+ygW7BN4MnHn0hQ==", "id"=>"1"}
  [1m[36mPost Load (0.3ms)[0m  [1m[34mSELECT  "posts".* FROM "posts" WHERE "posts"."id" = ? LIMIT ?[0m  [["id", 1], ["LIMIT", 1]]
  ↳ app/controllers/posts_controller.rb:63
  [1m[35m (0.1ms)[0m  [1m[36mbegin transaction[0m
  ↳ app/controllers/posts_controller.rb:52
  [1m[36mPost Destroy (3.4ms)[0m  [1m[31mDELETE FROM "posts" WHERE "posts"."id" = ?[0m  [["id", 1]]
  ↳ app/controllers/posts_controller.rb:52
  [1m[35m (19.1ms)[0m  [1m[36mcommit transaction[0m
  ↳ app/controllers/posts_controller.rb:52
Redirected to http://localhost:3000/posts
Completed 303 See Other in 49ms (ActiveRecord: 24.0ms)


Started GET "/posts" for ::1 at 2024-12-18 17:53:02 +0900
Processing by PostsController#index as HTML
  Rendering posts/index.html.erb within layouts/application
  [1m[36mPost Load (0.3ms)[0m  [1m[34mSELECT "posts".* FROM "posts"[0m
  ↳ app/views/posts/index.html.erb:15
  Rendered posts/index.html.erb within layouts/application (4.0ms)
Completed 200 OK in 81ms (Views: 74.5ms | ActiveRecord: 0.3ms)


Started GET "/posts/new" for ::1 at 2024-12-18 17:53:04 +0900
Processing by PostsController#new as HTML
  Rendering posts/new.html.erb within layouts/application
  Rendered posts/_form.html.erb (2.9ms)
  Rendered posts/new.html.erb within layouts/application (9.4ms)
Completed 200 OK in 80ms (Views: 76.6ms | ActiveRecord: 0.0ms)


Started POST "/posts" for ::1 at 2024-12-18 17:53:16 +0900
Processing by PostsController#create as HTML
  Parameters: {"utf8"=>"✓", "authenticity_token"=>"GTi1U80XX1ikrm6lV7QQ2ahwD0amlPugfLM8WiiA+bOPjG3grcTmSve9iI02wF0QodY7Yg6V+9sI8qw5s9SZBA==", "post"=>{"title"=>"神戸 地下鉄三宮駅 女性が刃物で刺され搬送 49歳容疑者を逮捕", "content"=>"18日昼すぎ、神戸市の地下鉄三宮駅で70代の女性が背中などを刃物で刺され、病院に運ばれました。搬送時、意識はあったということです。警察は近くにいた49歳の容疑者を殺人未遂の疑いでその場で逮捕し、詳しい状況を調べています。"}, "commit"=>"Create Post"}
  [1m[35m (0.1ms)[0m  [1m[36mbegin transaction[0m
  ↳ app/controllers/posts_controller.rb:27
  [1m[36mPost Create (4.0ms)[0m  [1m[32mINSERT INTO "posts" ("title", "content", "created_at", "updated_at") VALUES (?, ?, ?, ?)[0m  [["title", "神戸 地下鉄三宮駅 女性が刃物で刺され搬送 49歳容疑者を逮捕"], ["content", "18日昼すぎ、神戸市の地下鉄三宮駅で70代の女性が背中などを刃物で刺され、病院に運ばれました。搬送時、意識はあったということです。警察は近くにいた49歳の容疑者を殺人未遂の疑いでその場で逮捕し、詳しい状況を調べています。"], ["created_at", "2024-12-18 08:53:16.733443"], ["updated_at", "2024-12-18 08:53:16.733443"]]
  ↳ app/controllers/posts_controller.rb:27
  [1m[35m (53.3ms)[0m  [1m[36mcommit transaction[0m
  ↳ app/controllers/posts_controller.rb:27
Redirected to http://localhost:3000/posts/2
Completed 302 Found in 110ms (ActiveRecord: 57.4ms)


Started GET "/posts/2" for ::1 at 2024-12-18 17:53:16 +0900
Processing by PostsController#show as HTML
  Parameters: {"id"=>"2"}
  [1m[36mPost Load (0.4ms)[0m  [1m[34mSELECT  "posts".* FROM "posts" WHERE "posts"."id" = ? LIMIT ?[0m  [["id", 2], ["LIMIT", 1]]
  ↳ app/controllers/posts_controller.rb:63
  Rendering posts/show.html.erb within layouts/application
  Rendered posts/show.html.erb within layouts/application (2.2ms)
Completed 200 OK in 93ms (Views: 86.2ms | ActiveRecord: 0.4ms)


Started GET "/posts/2/edit" for ::1 at 2024-12-18 17:53:19 +0900
Processing by PostsController#edit as HTML
  Parameters: {"id"=>"2"}
  [1m[36mPost Load (0.3ms)[0m  [1m[34mSELECT  "posts".* FROM "posts" WHERE "posts"."id" = ? LIMIT ?[0m  [["id", 2], ["LIMIT", 1]]
  ↳ app/controllers/posts_controller.rb:63
  Rendering posts/edit.html.erb within layouts/application
  Rendered posts/_form.html.erb (3.7ms)
  Rendered posts/edit.html.erb within layouts/application (13.7ms)
Completed 200 OK in 134ms (Views: 128.3ms | ActiveRecord: 0.3ms)


Started GET "/posts/2" for ::1 at 2024-12-18 17:53:21 +0900
Processing by PostsController#show as HTML
  Parameters: {"id"=>"2"}
  [1m[36mPost Load (0.3ms)[0m  [1m[34mSELECT  "posts".* FROM "posts" WHERE "posts"."id" = ? LIMIT ?[0m  [["id", 2], ["LIMIT", 1]]
  ↳ app/controllers/posts_controller.rb:63
  Rendering posts/show.html.erb within layouts/application
  Rendered posts/show.html.erb within layouts/application (1.0ms)
Completed 200 OK in 77ms (Views: 71.2ms | ActiveRecord: 0.3ms)


Started GET "/posts" for ::1 at 2024-12-18 17:53:23 +0900
Processing by PostsController#index as HTML
  Rendering posts/index.html.erb within layouts/application
  [1m[36mPost Load (0.4ms)[0m  [1m[34mSELECT "posts".* FROM "posts"[0m
  ↳ app/views/posts/index.html.erb:15
  Rendered posts/index.html.erb within layouts/application (4.3ms)
Completed 200 OK in 84ms (Views: 79.6ms | ActiveRecord: 0.4ms)


Started GET "/posts/new" for ::1 at 2024-12-18 17:53:25 +0900
Processing by PostsController#new as HTML
  Rendering posts/new.html.erb within layouts/application
  Rendered posts/_form.html.erb (2.8ms)
  Rendered posts/new.html.erb within layouts/application (10.8ms)
Completed 200 OK in 80ms (Views: 76.3ms | ActiveRecord: 0.0ms)


Started POST "/posts" for ::1 at 2024-12-18 17:55:06 +0900
Processing by PostsController#create as HTML
  Parameters: {"utf8"=>"✓", "authenticity_token"=>"L1DAsRq8Yq3AQmrRsk4y3UJtVXdJAQQr9khsoO4/pkK55BgCem/bv5NRjPnTOn8US8thU+EABFCCCfzDdWvG9Q==", "post"=>{"title"=>"他人の在留カードで日本語検定の替え玉受験試みたか　ベトナム人逮捕", "content"=>"他人の在留カードを使い、日本の在留資格の申請に利用できる日本語検定試験で替え玉受験を試みたとして、大阪府警は18日、いずれもベトナム国籍で会社員の女2人を入管難民法違反の疑いで逮捕したと発表した。"}, "commit"=>"Create Post"}
  [1m[35m (0.1ms)[0m  [1m[36mbegin transaction[0m
  ↳ app/controllers/posts_controller.rb:27
  [1m[36mPost Create (3.8ms)[0m  [1m[32mINSERT INTO "posts" ("title", "content", "created_at", "updated_at") VALUES (?, ?, ?, ?)[0m  [["title", "他人の在留カードで日本語検定の替え玉受験試みたか　ベトナム人逮捕"], ["content", "他人の在留カードを使い、日本の在留資格の申請に利用できる日本語検定試験で替え玉受験を試みたとして、大阪府警は18日、いずれもベトナム国籍で会社員の女2人を入管難民法違反の疑いで逮捕したと発表した。"], ["created_at", "2024-12-18 08:55:06.284321"], ["updated_at", "2024-12-18 08:55:06.284321"]]
  ↳ app/controllers/posts_controller.rb:27
  [1m[35m (10.4ms)[0m  [1m[36mcommit transaction[0m
  ↳ app/controllers/posts_controller.rb:27
Redirected to http://localhost:3000/posts/3
Completed 302 Found in 31ms (ActiveRecord: 14.3ms)


Started GET "/posts/3" for ::1 at 2024-12-18 17:55:06 +0900
Processing by PostsController#show as HTML
  Parameters: {"id"=>"3"}
  [1m[36mPost Load (0.4ms)[0m  [1m[34mSELECT  "posts".* FROM "posts" WHERE "posts"."id" = ? LIMIT ?[0m  [["id", 3], ["LIMIT", 1]]
  ↳ app/controllers/posts_controller.rb:63
  Rendering posts/show.html.erb within layouts/application
  Rendered posts/show.html.erb within layouts/application (2.2ms)
Completed 200 OK in 112ms (Views: 101.9ms | ActiveRecord: 0.4ms)


Started GET "/posts" for ::1 at 2024-12-18 17:55:08 +0900
Processing by PostsController#index as HTML
  Rendering posts/index.html.erb within layouts/application
  [1m[36mPost Load (0.3ms)[0m  [1m[34mSELECT "posts".* FROM "posts"[0m
  ↳ app/views/posts/index.html.erb:15
  Rendered posts/index.html.erb within layouts/application (3.3ms)
Completed 200 OK in 85ms (Views: 81.4ms | ActiveRecord: 0.3ms)


Started GET "/posts/new" for ::1 at 2024-12-18 17:55:09 +0900
Processing by PostsController#new as HTML
  Rendering posts/new.html.erb within layouts/application
  Rendered posts/_form.html.erb (1.9ms)
  Rendered posts/new.html.erb within layouts/application (6.2ms)
Completed 200 OK in 98ms (Views: 94.3ms | ActiveRecord: 0.0ms)


Started POST "/posts" for ::1 at 2024-12-18 17:55:49 +0900
Processing by PostsController#create as HTML
  Parameters: {"utf8"=>"✓", "authenticity_token"=>"x9W31TB+pv69arv4Z4C9feaNtrzTXfznvBvdNAVRt3xRYW9mUK0f7O55XdAG9PC07yuCmHtc/JzIWk1XngXXyw==", "post"=>{"title"=>"ヤマトが「配達委託見直し」要望、日本郵便は激怒「受け入れがたい」", "content"=>"ヤマト運輸が日本郵便に対し、昨年6月に合意した小型の薄型荷物の配達委託の見直しを求めていることが、日本郵便の内部資料などでわかった。数量が多い東京圏の取り扱いなどが棚上げされる形となりかねず、2社間で対立が起きている。"}, "commit"=>"Create Post"}
  [1m[35m (0.1ms)[0m  [1m[36mbegin transaction[0m
  ↳ app/controllers/posts_controller.rb:27
  [1m[36mPost Create (9.5ms)[0m  [1m[32mINSERT INTO "posts" ("title", "content", "created_at", "updated_at") VALUES (?, ?, ?, ?)[0m  [["title", "ヤマトが「配達委託見直し」要望、日本郵便は激怒「受け入れがたい」"], ["content", "ヤマト運輸が日本郵便に対し、昨年6月に合意した小型の薄型荷物の配達委託の見直しを求めていることが、日本郵便の内部資料などでわかった。数量が多い東京圏の取り扱いなどが棚上げされる形となりかねず、2社間で対立が起きている。"], ["created_at", "2024-12-18 08:55:49.121044"], ["updated_at", "2024-12-18 08:55:49.121044"]]
  ↳ app/controllers/posts_controller.rb:27
  [1m[35m (24.9ms)[0m  [1m[36mcommit transaction[0m
  ↳ app/controllers/posts_controller.rb:27
Redirected to http://localhost:3000/posts/4
Completed 302 Found in 48ms (ActiveRecord: 34.4ms)


Started GET "/posts/4" for ::1 at 2024-12-18 17:55:49 +0900
Processing by PostsController#show as HTML
  Parameters: {"id"=>"4"}
  [1m[36mPost Load (0.4ms)[0m  [1m[34mSELECT  "posts".* FROM "posts" WHERE "posts"."id" = ? LIMIT ?[0m  [["id", 4], ["LIMIT", 1]]
  ↳ app/controllers/posts_controller.rb:63
  Rendering posts/show.html.erb within layouts/application
  Rendered posts/show.html.erb within layouts/application (1.3ms)
Completed 200 OK in 78ms (Views: 71.6ms | ActiveRecord: 0.4ms)


Started GET "/posts" for ::1 at 2024-12-18 17:55:51 +0900
Processing by PostsController#index as HTML
  Rendering posts/index.html.erb within layouts/application
  [1m[36mPost Load (0.4ms)[0m  [1m[34mSELECT "posts".* FROM "posts"[0m
  ↳ app/views/posts/index.html.erb:15
  Rendered posts/index.html.erb within layouts/application (4.1ms)
Completed 200 OK in 111ms (Views: 105.2ms | ActiveRecord: 0.4ms)


Started GET "/posts/new" for ::1 at 2024-12-18 17:55:53 +0900
Processing by PostsController#new as HTML
  Rendering posts/new.html.erb within layouts/application
  Rendered posts/_form.html.erb (2.0ms)
  Rendered posts/new.html.erb within layouts/application (6.4ms)
Completed 200 OK in 94ms (Views: 89.8ms | ActiveRecord: 0.0ms)


Started POST "/posts" for ::1 at 2024-12-18 17:56:20 +0900
Processing by PostsController#create as HTML
  Parameters: {"utf8"=>"✓", "authenticity_token"=>"6jjD2n8MXjnalY3bT/c81gT5zoa2RnFC+e567j+DkZl8jBtpH9/nK4mGa/Mug3EfDV/6oh5HcTmNr+qNpNfxLg==", "post"=>{"title"=>"「俺のこと憎んでも…」　娘を殺した男から遺族に届いた謝罪と暴言", "content"=>"罪を犯して刑務所に入った受刑者が被害者の気持ちを知った時、変化は生まれるのか。\r\n\r\n　24年前、娘を殺された父は今年6月、刑務所を訪れた。新たな制度を使って、無期懲役で服役中の男に自身の心情を伝えるためだ"}, "commit"=>"Create Post"}
  [1m[35m (0.1ms)[0m  [1m[36mbegin transaction[0m
  ↳ app/controllers/posts_controller.rb:27
  [1m[36mPost Create (5.6ms)[0m  [1m[32mINSERT INTO "posts" ("title", "content", "created_at", "updated_at") VALUES (?, ?, ?, ?)[0m  [["title", "「俺のこと憎んでも…」　娘を殺した男から遺族に届いた謝罪と暴言"], ["content", "罪を犯して刑務所に入った受刑者が被害者の気持ちを知った時、変化は生まれるのか。\r\n\r\n　24年前、娘を殺された父は今年6月、刑務所を訪れた。新たな制度を使って、無期懲役で服役中の男に自身の心情を伝えるためだ"], ["created_at", "2024-12-18 08:56:20.699200"], ["updated_at", "2024-12-18 08:56:20.699200"]]
  ↳ app/controllers/posts_controller.rb:27
  [1m[35m (16.9ms)[0m  [1m[36mcommit transaction[0m
  ↳ app/controllers/posts_controller.rb:27
Redirected to http://localhost:3000/posts/5
Completed 302 Found in 33ms (ActiveRecord: 22.6ms)


Started GET "/posts/5" for ::1 at 2024-12-18 17:56:20 +0900
Processing by PostsController#show as HTML
  Parameters: {"id"=>"5"}
  [1m[36mPost Load (0.3ms)[0m  [1m[34mSELECT  "posts".* FROM "posts" WHERE "posts"."id" = ? LIMIT ?[0m  [["id", 5], ["LIMIT", 1]]
  ↳ app/controllers/posts_controller.rb:63
  Rendering posts/show.html.erb within layouts/application
  Rendered posts/show.html.erb within layouts/application (1.2ms)
Completed 200 OK in 103ms (Views: 97.1ms | ActiveRecord: 0.3ms)


Started GET "/posts" for ::1 at 2024-12-18 17:56:22 +0900
Processing by PostsController#index as HTML
  Rendering posts/index.html.erb within layouts/application
  [1m[36mPost Load (0.3ms)[0m  [1m[34mSELECT "posts".* FROM "posts"[0m
  ↳ app/views/posts/index.html.erb:15
  Rendered posts/index.html.erb within layouts/application (4.9ms)
Completed 200 OK in 79ms (Views: 74.9ms | ActiveRecord: 0.3ms)


Started GET "/posts/new" for ::1 at 2024-12-18 17:56:38 +0900
Processing by PostsController#new as HTML
  Rendering posts/new.html.erb within layouts/application
  Rendered posts/_form.html.erb (12.7ms)
  Rendered posts/new.html.erb within layouts/application (20.0ms)
Completed 200 OK in 2048ms (Views: 2040.3ms | ActiveRecord: 0.0ms)


Started POST "/posts" for ::1 at 2024-12-18 17:56:49 +0900
Processing by PostsController#create as HTML
  Parameters: {"utf8"=>"✓", "authenticity_token"=>"YJ39z1GXeaOZ93Nto7oIsKqdQeeHefWv9tKvfeU6kVT2KSV8MUTAscrklUXCzkV5ozt1wy949dSCkz8efm7x4w==", "post"=>{"title"=>"帯状疱疹、痛みで寝たきりも　あるきっかけで若い世代にも急増", "content"=>"帯状疱疹（ほうしん）を防ぐワクチンが、2025年度から65歳以上の人で定期接種になる見通しだ。皮膚に刺すような痛みや水ぶくれが生じ、ときに神経痛が何年も続くことがある帯状疱疹。ワクチンの対象ではない若い人で増えているというデータもあり、専門家は「休息が唯一の対策」と指摘する。"}, "commit"=>"Create Post"}
  [1m[35m (0.1ms)[0m  [1m[36mbegin transaction[0m
  ↳ app/controllers/posts_controller.rb:27
  [1m[36mPost Create (1.4ms)[0m  [1m[32mINSERT INTO "posts" ("title", "content", "created_at", "updated_at") VALUES (?, ?, ?, ?)[0m  [["title", "帯状疱疹、痛みで寝たきりも　あるきっかけで若い世代にも急増"], ["content", "帯状疱疹（ほうしん）を防ぐワクチンが、2025年度から65歳以上の人で定期接種になる見通しだ。皮膚に刺すような痛みや水ぶくれが生じ、ときに神経痛が何年も続くことがある帯状疱疹。ワクチンの対象ではない若い人で増えているというデータもあり、専門家は「休息が唯一の対策」と指摘する。"], ["created_at", "2024-12-18 08:56:49.377839"], ["updated_at", "2024-12-18 08:56:49.377839"]]
  ↳ app/controllers/posts_controller.rb:27
  [1m[35m (9.4ms)[0m  [1m[36mcommit transaction[0m
  ↳ app/controllers/posts_controller.rb:27
Redirected to http://localhost:3000/posts/6
Completed 302 Found in 21ms (ActiveRecord: 10.9ms)


Started GET "/posts/6" for ::1 at 2024-12-18 17:56:49 +0900
Processing by PostsController#show as HTML
  Parameters: {"id"=>"6"}
  [1m[36mPost Load (0.4ms)[0m  [1m[34mSELECT  "posts".* FROM "posts" WHERE "posts"."id" = ? LIMIT ?[0m  [["id", 6], ["LIMIT", 1]]
  ↳ app/controllers/posts_controller.rb:63
  Rendering posts/show.html.erb within layouts/application
  Rendered posts/show.html.erb within layouts/application (1.1ms)
Completed 200 OK in 99ms (Views: 92.6ms | ActiveRecord: 0.4ms)


Started GET "/posts" for ::1 at 2024-12-18 17:56:51 +0900
Processing by PostsController#index as HTML
  Rendering posts/index.html.erb within layouts/application
  [1m[36mPost Load (0.4ms)[0m  [1m[34mSELECT "posts".* FROM "posts"[0m
  ↳ app/views/posts/index.html.erb:15
  Rendered posts/index.html.erb within layouts/application (3.8ms)
Completed 200 OK in 84ms (Views: 78.9ms | ActiveRecord: 0.4ms)


Started GET "/" for ::1 at 2024-12-19 11:10:45 +0900
  [1m[35m (0.5ms)[0m  [1m[34mSELECT "schema_migrations"."version" FROM "schema_migrations" ORDER BY "schema_migrations"."version" ASC[0m
  ↳ C:/Ruby27-x64/lib/ruby/gems/2.7.0/gems/activerecord-5.2.8.1/lib/active_record/log_subscriber.rb:98
Processing by PostsController#index as HTML
  Rendering posts/index.html.erb within layouts/application
  [1m[36mPost Load (0.5ms)[0m  [1m[34mSELECT "posts".* FROM "posts"[0m
  ↳ app/views/posts/index.html.erb:15
  Rendered posts/index.html.erb within layouts/application (28.4ms)
Completed 200 OK in 570ms (Views: 551.3ms | ActiveRecord: 2.7ms)


Started GET "/" for ::1 at 2024-12-19 11:10:53 +0900
Processing by PostsController#index as HTML
  Rendering posts/index.html.erb within layouts/application
  [1m[36mPost Load (0.4ms)[0m  [1m[34mSELECT "posts".* FROM "posts"[0m
  ↳ app/views/posts/index.html.erb:15
  Rendered posts/index.html.erb within layouts/application (5.5ms)
Completed 200 OK in 87ms (Views: 82.9ms | ActiveRecord: 0.4ms)


Started GET "/" for ::1 at 2024-12-19 11:10:54 +0900
Processing by PostsController#index as HTML
  Rendering posts/index.html.erb within layouts/application
  [1m[36mPost Load (0.4ms)[0m  [1m[34mSELECT "posts".* FROM "posts"[0m
  ↳ app/views/posts/index.html.erb:15
  Rendered posts/index.html.erb within layouts/application (4.9ms)
Completed 200 OK in 101ms (Views: 96.4ms | ActiveRecord: 0.4ms)


Started GET "/" for ::1 at 2024-12-19 11:10:58 +0900
Processing by PostsController#index as HTML
  Rendering posts/index.html.erb within layouts/application
  [1m[36mPost Load (0.3ms)[0m  [1m[34mSELECT "posts".* FROM "posts"[0m
  ↳ app/views/posts/index.html.erb:15
  Rendered posts/index.html.erb within layouts/application (4.1ms)
Completed 200 OK in 94ms (Views: 89.4ms | ActiveRecord: 0.3ms)


Started GET "/" for ::1 at 2024-12-19 11:39:45 +0900
Processing by PostsController#index as HTML
  Rendering posts/index.html.erb within layouts/application
  [1m[36mPost Load (0.5ms)[0m  [1m[34mSELECT "posts".* FROM "posts"[0m
  ↳ app/views/posts/index.html.erb:15
  Rendered posts/index.html.erb within layouts/application (10.1ms)
Completed 200 OK in 106ms (Views: 99.6ms | ActiveRecord: 0.5ms)


Started GET "/" for ::1 at 2024-12-19 11:39:47 +0900
Processing by PostsController#index as HTML
  Rendering posts/index.html.erb within layouts/application
  [1m[36mPost Load (0.4ms)[0m  [1m[34mSELECT "posts".* FROM "posts"[0m
  ↳ app/views/posts/index.html.erb:15
  Rendered posts/index.html.erb within layouts/application (4.3ms)
Completed 200 OK in 72ms (Views: 67.4ms | ActiveRecord: 0.4ms)


Started GET "/" for ::1 at 2024-12-19 12:38:27 +0900
  [1m[35m (0.5ms)[0m  [1m[34mSELECT "schema_migrations"."version" FROM "schema_migrations" ORDER BY "schema_migrations"."version" ASC[0m
  ↳ C:/Ruby27-x64/lib/ruby/gems/2.7.0/gems/activerecord-5.2.8.1/lib/active_record/log_subscriber.rb:98
Processing by PostsController#index as HTML
  Rendering posts/index.html.erb within layouts/application
  Rendered posts/index.html.erb within layouts/application (9.9ms)
Completed 500 Internal Server Error in 95ms (ActiveRecord: 0.0ms)


  
ActionView::Template::Error (undefined method `each' for nil:NilClass):
    1: <p id="notice"><%= notice %></p>
    2: <h1>Posts</h1>
    3: <% @Posts.each do |post| %>
    4:   <%= render @Posts %>
    5: <% end %>
    6: <br>
  
app/views/posts/index.html.erb:3:in `_app_views_posts_index_html_erb__267375590_14320'
Started GET "/" for ::1 at 2024-12-19 12:39:04 +0900
Processing by PostsController#index as HTML
  Rendering posts/index.html.erb within layouts/application
  Rendered posts/index.html.erb within layouts/application (4.1ms)
Completed 500 Internal Server Error in 41ms (ActiveRecord: 0.0ms)


  
ActionView::Template::Error ('nil' is not an ActiveModel-compatible object. It must implement :to_partial_path.):
    1: <p id="notice"><%= notice %></p>
    2: <h1>Posts</h1>
    3: 
    4: <%= render @Posts %>
    5: <%= link_to 'New Post', new_post_path%>
  
app/views/posts/index.html.erb:4:in `_app_views_posts_index_html_erb__267375590_14880'
Started GET "/" for ::1 at 2024-12-19 12:39:48 +0900
Processing by PostsController#index as HTML
  Rendering posts/index.html.erb within layouts/application
  Rendered posts/index.html.erb within layouts/application (4.9ms)
Completed 500 Internal Server Error in 61ms (ActiveRecord: 0.0ms)


  
ActionView::Template::Error ('nil' is not an ActiveModel-compatible object. It must implement :to_partial_path.):
    1: <p id="notice"><%= notice %></p>
    2: <h1>Posts</h1>
    3: 
    4: <%= render @Posts %>
    5: <%= link_to 'New Post', new_post_path %>
  
app/views/posts/index.html.erb:4:in `_app_views_posts_index_html_erb__267375590_15440'
Started GET "/" for ::1 at 2024-12-19 12:45:35 +0900
  [1m[35m (0.3ms)[0m  [1m[34mSELECT "schema_migrations"."version" FROM "schema_migrations" ORDER BY "schema_migrations"."version" ASC[0m
  ↳ C:/Ruby27-x64/lib/ruby/gems/2.7.0/gems/activerecord-5.2.8.1/lib/active_record/log_subscriber.rb:98
Processing by PostsController#index as HTML
  Rendering posts/index.html.erb within layouts/application
  Rendered posts/index.html.erb within layouts/application (7.5ms)
Completed 500 Internal Server Error in 44ms (ActiveRecord: 0.0ms)


  
ActionView::Template::Error ('nil' is not an ActiveModel-compatible object. It must implement :to_partial_path.):
    1: <p id="notice"><%= notice %></p>
    2: <h1>Posts</h1>
    3: 
    4: <%= render @Posts %>
    5: <%= link_to 'New Post', new_post_path %>
  
app/views/posts/index.html.erb:4:in `_app_views_posts_index_html_erb__4902993_14320'
Started GET "/" for ::1 at 2024-12-19 12:47:05 +0900
Processing by PostsController#index as HTML
  Rendering posts/index.html.erb within layouts/application
  Rendered posts/index.html.erb within layouts/application (4.6ms)
Completed 500 Internal Server Error in 34ms (ActiveRecord: 0.0ms)


  
ActionView::Template::Error ('nil' is not an ActiveModel-compatible object. It must implement :to_partial_path.):
    1: <p id="notice"><%= notice %></p>
    2: <h1>Posts</h1>
    3: 
    4: <%= render @Posts %>
    5: <%= link_to 'New Post', new_post_path %>
  
app/views/posts/index.html.erb:4:in `_app_views_posts_index_html_erb__4902993_14880'
Started GET "/" for ::1 at 2024-12-19 12:47:08 +0900
Processing by PostsController#index as HTML
  Rendering posts/index.html.erb within layouts/application
  Rendered posts/index.html.erb within layouts/application (5.8ms)
Completed 500 Internal Server Error in 26ms (ActiveRecord: 0.0ms)


  
ActionView::Template::Error ('nil' is not an ActiveModel-compatible object. It must implement :to_partial_path.):
    1: <p id="notice"><%= notice %></p>
    2: <h1>Posts</h1>
    3: 
    4: <%= render @Posts %>
    5: <%= link_to 'New Post', new_post_path %>
  
app/views/posts/index.html.erb:4:in `_app_views_posts_index_html_erb__4902993_15440'
Started GET "/" for ::1 at 2024-12-19 12:47:17 +0900
Processing by PostsController#index as HTML
  Rendering posts/index.html.erb within layouts/application
  Rendered posts/index.html.erb within layouts/application (8.2ms)
Completed 500 Internal Server Error in 33ms (ActiveRecord: 0.0ms)


  
ActionView::Template::Error ('nil' is not an ActiveModel-compatible object. It must implement :to_partial_path.):
    1: <p id="notice"><%= notice %></p>
    2: <h1>Posts</h1>
    3: 
    4: <%= render @Posts %>
    5: <%= link_to 'New Post', new_post_path %>
  
app/views/posts/index.html.erb:4:in `_app_views_posts_index_html_erb__4902993_16000'
Started GET "/" for ::1 at 2024-12-19 12:47:27 +0900
Processing by PostsController#index as HTML
  Rendering posts/index.html.erb within layouts/application
  [1m[36mPost Load (0.6ms)[0m  [1m[34mSELECT "posts".* FROM "posts"[0m
  ↳ app/views/posts/index.html.erb:4
  Rendered collection of posts/_post.html.erb [5 times] (2.1ms)
  Rendered posts/index.html.erb within layouts/application (197.6ms)
  Rendered layouts/_header.html.erb (0.4ms)
  Rendered layouts/_footer.html.erb (0.4ms)
Completed 200 OK in 719ms (Views: 689.7ms | ActiveRecord: 2.6ms)


Started GET "/posts/2" for ::1 at 2024-12-19 12:47:43 +0900
Processing by PostsController#show as HTML
  Parameters: {"id"=>"2"}
  [1m[36mPost Load (0.9ms)[0m  [1m[34mSELECT  "posts".* FROM "posts" WHERE "posts"."id" = ? LIMIT ?[0m  [["id", 2], ["LIMIT", 1]]
  ↳ app/controllers/posts_controller.rb:63
  Rendering posts/show.html.erb within layouts/application
  Rendered posts/_post.html.erb (1.4ms)
  Rendered posts/show.html.erb within layouts/application (11.3ms)
  Rendered layouts/_header.html.erb (0.3ms)
  Rendered layouts/_footer.html.erb (0.3ms)
Completed 200 OK in 122ms (Views: 98.4ms | ActiveRecord: 0.9ms)


Started GET "/posts/2" for ::1 at 2024-12-19 12:47:45 +0900
Processing by PostsController#show as HTML
  Parameters: {"id"=>"2"}
  [1m[36mPost Load (0.3ms)[0m  [1m[34mSELECT  "posts".* FROM "posts" WHERE "posts"."id" = ? LIMIT ?[0m  [["id", 2], ["LIMIT", 1]]
  ↳ app/controllers/posts_controller.rb:63
  Rendering posts/show.html.erb within layouts/application
  Rendered posts/_post.html.erb (3.1ms)
  Rendered posts/show.html.erb within layouts/application (8.3ms)
  Rendered layouts/_header.html.erb (0.3ms)
  Rendered layouts/_footer.html.erb (0.3ms)
Completed 200 OK in 102ms (Views: 94.0ms | ActiveRecord: 0.3ms)


Started GET "/posts" for ::1 at 2024-12-19 12:47:47 +0900
Processing by PostsController#index as HTML
  Rendering posts/index.html.erb within layouts/application
  [1m[36mPost Load (0.3ms)[0m  [1m[34mSELECT "posts".* FROM "posts"[0m
  ↳ app/views/posts/index.html.erb:4
  Rendered collection of posts/_post.html.erb [5 times] (3.3ms)
  Rendered posts/index.html.erb within layouts/application (13.4ms)
  Rendered layouts/_header.html.erb (0.3ms)
  Rendered layouts/_footer.html.erb (0.3ms)
Completed 200 OK in 106ms (Views: 100.6ms | ActiveRecord: 0.3ms)


Started GET "/posts" for ::1 at 2024-12-19 12:47:57 +0900
Processing by PostsController#index as HTML
  Rendering posts/index.html.erb within layouts/application
  [1m[36mPost Load (0.4ms)[0m  [1m[34mSELECT "posts".* FROM "posts"[0m
  ↳ app/views/posts/index.html.erb:4
  Rendered collection of posts/_post.html.erb [5 times] (7.4ms)
  Rendered posts/index.html.erb within layouts/application (14.9ms)
  Rendered layouts/_header.html.erb (0.3ms)
  Rendered layouts/_footer.html.erb (0.3ms)
Completed 200 OK in 121ms (Views: 116.2ms | ActiveRecord: 0.4ms)


Started GET "/posts/new" for ::1 at 2024-12-19 12:48:49 +0900
Processing by PostsController#new as HTML
  Rendering posts/new.html.erb within layouts/application
  Rendered posts/_form.html.erb (190.7ms)
  Rendered posts/new.html.erb within layouts/application (268.6ms)
  Rendered layouts/_header.html.erb (0.7ms)
  Rendered layouts/_footer.html.erb (0.3ms)
Completed 200 OK in 364ms (Views: 358.9ms | ActiveRecord: 0.0ms)


Started GET "/posts/new" for ::1 at 2024-12-19 14:38:37 +0900
  [1m[35m (0.4ms)[0m  [1m[34mSELECT "schema_migrations"."version" FROM "schema_migrations" ORDER BY "schema_migrations"."version" ASC[0m
  ↳ C:/Ruby27-x64/lib/ruby/gems/2.7.0/gems/activerecord-5.2.8.1/lib/active_record/log_subscriber.rb:98
Processing by PostsController#new as HTML
  Rendering posts/new.html.erb within layouts/application
  Rendered posts/_form.html.erb (251.4ms)
  Rendered posts/new.html.erb within layouts/application (316.0ms)
  Rendered layouts/_header.html.erb (0.7ms)
  Rendered layouts/_footer.html.erb (0.3ms)
Completed 200 OK in 1553ms (Views: 1474.8ms | ActiveRecord: 1.3ms)


Started GET "/" for ::1 at 2024-12-19 14:38:49 +0900
Processing by PostsController#index as HTML
  Rendering posts/index.html.erb within layouts/application
  [1m[36mPost Load (0.6ms)[0m  [1m[34mSELECT "posts".* FROM "posts"[0m
  ↳ app/views/posts/index.html.erb:4
  Rendered collection of posts/_post.html.erb [5 times] (3.8ms)
  Rendered posts/index.html.erb within layouts/application (64.1ms)
  Rendered layouts/_header.html.erb (0.4ms)
  Rendered layouts/_footer.html.erb (0.5ms)
Completed 200 OK in 200ms (Views: 169.1ms | ActiveRecord: 0.6ms)


Started GET "/" for ::1 at 2024-12-19 14:38:53 +0900
Processing by PostsController#index as HTML
  Rendering posts/index.html.erb within layouts/application
  [1m[36mPost Load (0.3ms)[0m  [1m[34mSELECT "posts".* FROM "posts"[0m
  ↳ app/views/posts/index.html.erb:4
  Rendered collection of posts/_post.html.erb [5 times] (3.5ms)
  Rendered posts/index.html.erb within layouts/application (10.2ms)
  Rendered layouts/_header.html.erb (0.4ms)
  Rendered layouts/_footer.html.erb (0.5ms)
Completed 200 OK in 126ms (Views: 120.1ms | ActiveRecord: 0.3ms)


Started GET "/posts/new" for ::1 at 2024-12-19 14:38:56 +0900
Processing by PostsController#new as HTML
  Rendering posts/new.html.erb within layouts/application
  Rendered posts/_form.html.erb (3.9ms)
  Rendered posts/new.html.erb within layouts/application (9.8ms)
  Rendered layouts/_header.html.erb (0.3ms)
  Rendered layouts/_footer.html.erb (0.3ms)
Completed 200 OK in 97ms (Views: 92.9ms | ActiveRecord: 0.0ms)


Started POST "/posts" for ::1 at 2024-12-19 14:38:58 +0900
Processing by PostsController#create as HTML
  Parameters: {"utf8"=>"✓", "authenticity_token"=>"bbD9rz6OeE91Cx0dxRfHrp+37ZzEdIPn9gG4S/6s/fBQLbXAjPHHdIWcw8R4sM+eTn20zB5K3J0K5zE963vLsQ==", "post"=>{"title"=>"", "content"=>""}, "commit"=>"Create Post"}
  [1m[35m (0.1ms)[0m  [1m[36mbegin transaction[0m
  ↳ app/controllers/posts_controller.rb:27
  [1m[35m (0.4ms)[0m  [1m[31mrollback transaction[0m
  ↳ app/controllers/posts_controller.rb:27
  Rendering posts/new.html.erb within layouts/application
  Rendered posts/_form.html.erb (3.6ms)
  Rendered posts/new.html.erb within layouts/application (11.1ms)
  Rendered layouts/_header.html.erb (0.3ms)
  Rendered layouts/_footer.html.erb (0.3ms)
Completed 422 Unprocessable Entity in 145ms (Views: 139.0ms | ActiveRecord: 0.5ms)


Started GET "/posts" for ::1 at 2024-12-19 14:52:56 +0900
  [1m[35m (0.3ms)[0m  [1m[34mSELECT "schema_migrations"."version" FROM "schema_migrations" ORDER BY "schema_migrations"."version" ASC[0m
  ↳ C:/Ruby27-x64/lib/ruby/gems/2.7.0/gems/activerecord-5.2.8.1/lib/active_record/log_subscriber.rb:98
Processing by PostsController#index as HTML
  Rendering posts/index.html.erb within layouts/application
  [1m[36mPost Load (0.4ms)[0m  [1m[34mSELECT "posts".* FROM "posts"[0m
  ↳ app/views/posts/index.html.erb:4
  Rendered collection of posts/_post.html.erb [5 times] (2.9ms)
  Rendered posts/index.html.erb within layouts/application (32.6ms)
  Rendered layouts/_header.html.erb (0.3ms)
  Rendered layouts/_footer.html.erb (0.3ms)
Completed 200 OK in 657ms (Views: 634.9ms | ActiveRecord: 6.2ms)


Started GET "/posts" for ::1 at 2024-12-19 14:52:57 +0900
Processing by PostsController#index as HTML
  Rendering posts/index.html.erb within layouts/application
  [1m[36mPost Load (0.6ms)[0m  [1m[34mSELECT "posts".* FROM "posts"[0m
  ↳ app/views/posts/index.html.erb:4
  Rendered collection of posts/_post.html.erb [5 times] (5.1ms)
  Rendered posts/index.html.erb within layouts/application (20.8ms)
  Rendered layouts/_header.html.erb (0.3ms)
  Rendered layouts/_footer.html.erb (0.3ms)
Completed 200 OK in 122ms (Views: 118.2ms | ActiveRecord: 0.6ms)


Started GET "/posts/6" for ::1 at 2024-12-19 14:53:01 +0900
Processing by PostsController#show as HTML
  Parameters: {"id"=>"6"}
  [1m[36mPost Load (0.4ms)[0m  [1m[34mSELECT  "posts".* FROM "posts" WHERE "posts"."id" = ? LIMIT ?[0m  [["id", 6], ["LIMIT", 1]]
  ↳ app/controllers/posts_controller.rb:63
  Rendering posts/show.html.erb within layouts/application
  Rendered posts/_post.html.erb (1.6ms)
  Rendered posts/show.html.erb within layouts/application (10.2ms)
  Rendered layouts/_header.html.erb (0.3ms)
  Rendered layouts/_footer.html.erb (0.3ms)
Completed 200 OK in 174ms (Views: 116.5ms | ActiveRecord: 0.4ms)


Started GET "/posts/6" for ::1 at 2024-12-19 15:09:05 +0900
Processing by PostsController#show as HTML
  Parameters: {"id"=>"6"}
  [1m[36mPost Load (0.5ms)[0m  [1m[34mSELECT  "posts".* FROM "posts" WHERE "posts"."id" = ? LIMIT ?[0m  [["id", 6], ["LIMIT", 1]]
  ↳ app/controllers/posts_controller.rb:63
  Rendering posts/show.html.erb within layouts/application
  Rendered posts/_post.html.erb (1.8ms)
  Rendered posts/show.html.erb within layouts/application (11.2ms)
  Rendered layouts/_header.html.erb (0.3ms)
  Rendered layouts/_footer.html.erb (0.3ms)
Completed 200 OK in 177ms (Views: 161.0ms | ActiveRecord: 0.5ms)


Started GET "/posts" for ::1 at 2024-12-19 15:09:28 +0900
Processing by PostsController#index as HTML
  Rendering posts/index.html.erb within layouts/application
  [1m[36mPost Load (0.4ms)[0m  [1m[34mSELECT "posts".* FROM "posts"[0m
  ↳ app/views/posts/index.html.erb:4
  Rendered collection of posts/_post.html.erb [5 times] (1.9ms)
  Rendered posts/index.html.erb within layouts/application (9.0ms)
  Rendered layouts/_header.html.erb (0.3ms)
  Rendered layouts/_footer.html.erb (0.3ms)
Completed 200 OK in 91ms (Views: 87.0ms | ActiveRecord: 0.4ms)


Started GET "/posts" for ::1 at 2024-12-19 15:13:13 +0900
Processing by PostsController#index as HTML
  Rendering posts/index.html.erb within layouts/application
  [1m[36mPost Load (0.5ms)[0m  [1m[34mSELECT "posts".* FROM "posts"[0m
  ↳ app/views/posts/index.html.erb:4
  Rendered collection of posts/_post.html.erb [5 times] (3.4ms)
  Rendered posts/index.html.erb within layouts/application (17.1ms)
  Rendered layouts/_header.html.erb (0.3ms)
  Rendered layouts/_footer.html.erb (0.3ms)
Completed 200 OK in 135ms (Views: 128.8ms | ActiveRecord: 0.5ms)


Started GET "/posts" for ::1 at 2024-12-19 16:07:14 +0900
  [1m[35m (0.4ms)[0m  [1m[34mSELECT "schema_migrations"."version" FROM "schema_migrations" ORDER BY "schema_migrations"."version" ASC[0m
  ↳ C:/Ruby27-x64/lib/ruby/gems/2.7.0/gems/activerecord-5.2.8.1/lib/active_record/log_subscriber.rb:98
Processing by PostsController#index as HTML
  Rendering posts/index.html.erb within layouts/application
  [1m[36mPost Load (0.3ms)[0m  [1m[34mSELECT "posts".* FROM "posts"[0m
  ↳ app/views/posts/index.html.erb:4
  Rendered collection of posts/_post.html.erb [5 times] (2.4ms)
  Rendered posts/index.html.erb within layouts/application (73.5ms)
  Rendered layouts/_header.html.erb (0.6ms)
  Rendered layouts/_footer.html.erb (1.2ms)
Completed 200 OK in 1699ms (Views: 1628.0ms | ActiveRecord: 1.6ms)


Started GET "/posts" for ::1 at 2024-12-19 16:07:21 +0900
Processing by PostsController#index as HTML
  Rendering posts/index.html.erb within layouts/application
  [1m[36mPost Load (0.3ms)[0m  [1m[34mSELECT "posts".* FROM "posts"[0m
  ↳ app/views/posts/index.html.erb:4
  Rendered collection of posts/_post.html.erb [5 times] (9.4ms)
  Rendered posts/index.html.erb within layouts/application (16.5ms)
  Rendered layouts/_header.html.erb (0.5ms)
  Rendered layouts/_footer.html.erb (0.3ms)
Completed 200 OK in 112ms (Views: 108.0ms | ActiveRecord: 0.3ms)


Started GET "/posts" for ::1 at 2024-12-19 16:07:23 +0900
Processing by PostsController#index as HTML
  Rendering posts/index.html.erb within layouts/application
  [1m[36mPost Load (0.4ms)[0m  [1m[34mSELECT "posts".* FROM "posts"[0m
  ↳ app/views/posts/index.html.erb:4
  Rendered collection of posts/_post.html.erb [5 times] (2.8ms)
  Rendered posts/index.html.erb within layouts/application (13.4ms)
  Rendered layouts/_header.html.erb (1.6ms)
  Rendered layouts/_footer.html.erb (0.3ms)
Completed 200 OK in 108ms (Views: 102.4ms | ActiveRecord: 0.4ms)


Started GET "/posts/2" for ::1 at 2024-12-19 16:07:25 +0900
Processing by PostsController#show as HTML
  Parameters: {"id"=>"2"}
  [1m[36mPost Load (1.0ms)[0m  [1m[34mSELECT  "posts".* FROM "posts" WHERE "posts"."id" = ? LIMIT ?[0m  [["id", 2], ["LIMIT", 1]]
  ↳ app/controllers/posts_controller.rb:63
  Rendering posts/show.html.erb within layouts/application
  Rendered posts/_post.html.erb (2.1ms)
  Rendered posts/show.html.erb within layouts/application (7.9ms)
  Rendered layouts/_header.html.erb (0.5ms)
  Rendered layouts/_footer.html.erb (0.3ms)
Completed 200 OK in 134ms (Views: 86.8ms | ActiveRecord: 1.0ms)


Started GET "/posts" for ::1 at 2024-12-19 16:07:26 +0900
Processing by PostsController#index as HTML
  Rendering posts/index.html.erb within layouts/application
  [1m[36mPost Load (0.7ms)[0m  [1m[34mSELECT "posts".* FROM "posts"[0m
  ↳ app/views/posts/index.html.erb:4
  Rendered collection of posts/_post.html.erb [5 times] (4.1ms)
  Rendered posts/index.html.erb within layouts/application (12.5ms)
  Rendered layouts/_header.html.erb (0.5ms)
  Rendered layouts/_footer.html.erb (0.3ms)
Completed 200 OK in 93ms (Views: 88.5ms | ActiveRecord: 0.7ms)


Started GET "/posts" for ::1 at 2024-12-19 16:44:02 +0900
  [1m[35m (1.7ms)[0m  [1m[34mSELECT "schema_migrations"."version" FROM "schema_migrations" ORDER BY "schema_migrations"."version" ASC[0m
  ↳ C:/Ruby27-x64/lib/ruby/gems/2.7.0/gems/activerecord-5.2.8.1/lib/active_record/log_subscriber.rb:98
Processing by PostsController#index as HTML
  Rendering posts/index.html.erb within layouts/application
  [1m[36mPost Load (0.4ms)[0m  [1m[34mSELECT "posts".* FROM "posts"[0m
  ↳ app/views/posts/index.html.erb:4
  Rendered collection of posts/_post.html.erb [5 times] (2.2ms)
  Rendered posts/index.html.erb within layouts/application (22.0ms)
  Rendered layouts/_header.html.erb (0.5ms)
  Rendered layouts/_flash.html.erb (0.6ms)
  Rendered layouts/_footer.html.erb (1.0ms)
Completed 200 OK in 450ms (Views: 431.6ms | ActiveRecord: 2.0ms)


Started GET "/posts" for ::1 at 2024-12-19 16:44:07 +0900
Processing by PostsController#index as HTML
  Rendering posts/index.html.erb within layouts/application
  [1m[36mPost Load (0.3ms)[0m  [1m[34mSELECT "posts".* FROM "posts"[0m
  ↳ app/views/posts/index.html.erb:4
  Rendered collection of posts/_post.html.erb [5 times] (1.8ms)
  Rendered posts/index.html.erb within layouts/application (11.3ms)
  Rendered layouts/_header.html.erb (0.5ms)
  Rendered layouts/_flash.html.erb (0.4ms)
  Rendered layouts/_footer.html.erb (0.5ms)
Completed 200 OK in 132ms (Views: 127.3ms | ActiveRecord: 0.3ms)


Started GET "/posts" for ::1 at 2024-12-19 16:44:09 +0900
Processing by PostsController#index as HTML
  Rendering posts/index.html.erb within layouts/application
  [1m[36mPost Load (0.3ms)[0m  [1m[34mSELECT "posts".* FROM "posts"[0m
  ↳ app/views/posts/index.html.erb:4
  Rendered collection of posts/_post.html.erb [5 times] (2.0ms)
  Rendered posts/index.html.erb within layouts/application (10.7ms)
  Rendered layouts/_header.html.erb (0.5ms)
  Rendered layouts/_flash.html.erb (0.5ms)
  Rendered layouts/_footer.html.erb (0.3ms)
Completed 200 OK in 95ms (Views: 90.1ms | ActiveRecord: 0.3ms)


Started GET "/posts" for ::1 at 2024-12-19 16:44:10 +0900
Processing by PostsController#index as HTML
  Rendering posts/index.html.erb within layouts/application
  [1m[36mPost Load (0.8ms)[0m  [1m[34mSELECT "posts".* FROM "posts"[0m
  ↳ app/views/posts/index.html.erb:4
  Rendered collection of posts/_post.html.erb [5 times] (3.0ms)
  Rendered posts/index.html.erb within layouts/application (10.6ms)
  Rendered layouts/_header.html.erb (0.5ms)
  Rendered layouts/_flash.html.erb (0.6ms)
  Rendered layouts/_footer.html.erb (0.3ms)
Completed 200 OK in 97ms (Views: 91.6ms | ActiveRecord: 0.8ms)


Started GET "/posts" for ::1 at 2024-12-19 16:44:13 +0900
Processing by PostsController#index as HTML
  Rendering posts/index.html.erb within layouts/application
  [1m[36mPost Load (0.6ms)[0m  [1m[34mSELECT "posts".* FROM "posts"[0m
  ↳ app/views/posts/index.html.erb:4
  Rendered collection of posts/_post.html.erb [5 times] (2.2ms)
  Rendered posts/index.html.erb within layouts/application (11.7ms)
  Rendered layouts/_header.html.erb (0.5ms)
  Rendered layouts/_flash.html.erb (0.5ms)
  Rendered layouts/_footer.html.erb (0.6ms)
Completed 200 OK in 121ms (Views: 116.3ms | ActiveRecord: 0.6ms)


Started GET "/posts" for ::1 at 2024-12-19 16:44:14 +0900
Processing by PostsController#index as HTML
  Rendering posts/index.html.erb within layouts/application
  [1m[36mPost Load (0.4ms)[0m  [1m[34mSELECT "posts".* FROM "posts"[0m
  ↳ app/views/posts/index.html.erb:4
  Rendered collection of posts/_post.html.erb [5 times] (2.8ms)
  Rendered posts/index.html.erb within layouts/application (11.3ms)
  Rendered layouts/_header.html.erb (0.5ms)
  Rendered layouts/_flash.html.erb (0.4ms)
  Rendered layouts/_footer.html.erb (0.3ms)
Completed 200 OK in 101ms (Views: 93.5ms | ActiveRecord: 0.4ms)


Started GET "/posts/new" for ::1 at 2024-12-19 16:44:20 +0900
Processing by PostsController#new as HTML
  Rendering posts/new.html.erb within layouts/application
  Rendered posts/_form.html.erb (428.7ms)
  Rendered posts/new.html.erb within layouts/application (492.9ms)
  Rendered layouts/_header.html.erb (2.2ms)
  Rendered layouts/_flash.html.erb (0.6ms)
  Rendered layouts/_footer.html.erb (0.3ms)
Completed 200 OK in 603ms (Views: 589.2ms | ActiveRecord: 0.0ms)


Started POST "/posts" for ::1 at 2024-12-19 16:44:22 +0900
Processing by PostsController#create as HTML
  Parameters: {"utf8"=>"✓", "authenticity_token"=>"4/4Lt1Gd9OvRq5wCz9yZPDrjnKoeR4SHUEEtiEV32SzeY0PY4+JL0CE8Qttye5EM6ynF+sR52/2sp6T+UKDvbQ==", "post"=>{"title"=>"", "content"=>""}, "commit"=>"Create Post"}
  [1m[35m (0.1ms)[0m  [1m[36mbegin transaction[0m
  ↳ app/controllers/posts_controller.rb:27
  [1m[35m (3.1ms)[0m  [1m[31mrollback transaction[0m
  ↳ app/controllers/posts_controller.rb:27
  Rendering posts/new.html.erb within layouts/application
  Rendered posts/_form.html.erb (3.7ms)
  Rendered posts/new.html.erb within layouts/application (9.2ms)
  Rendered layouts/_header.html.erb (0.5ms)
  Rendered layouts/_flash.html.erb (0.4ms)
  Rendered layouts/_footer.html.erb (0.3ms)
Completed 422 Unprocessable Entity in 112ms (Views: 100.6ms | ActiveRecord: 3.2ms)


Started POST "/posts" for ::1 at 2024-12-19 16:44:32 +0900
Processing by PostsController#create as HTML
  Parameters: {"utf8"=>"✓", "authenticity_token"=>"k2/kAggq+Ey5Lba9b+q3L8416EHH4bnjsOccuNPJDiwCZs3/kkzNsYGqH5GFvc1ZNzlCD3JLZTfzAFdnEqbAtg==", "post"=>{"title"=>"ねむにゃん", "content"=>"ねむねむにゃんこだにゃん"}, "commit"=>"Create Post"}
  [1m[35m (0.1ms)[0m  [1m[36mbegin transaction[0m
  ↳ app/controllers/posts_controller.rb:27
  [1m[36mPost Create (2.6ms)[0m  [1m[32mINSERT INTO "posts" ("title", "content", "created_at", "updated_at") VALUES (?, ?, ?, ?)[0m  [["title", "ねむにゃん"], ["content", "ねむねむにゃんこだにゃん"], ["created_at", "2024-12-19 07:44:32.642144"], ["updated_at", "2024-12-19 07:44:32.642144"]]
  ↳ app/controllers/posts_controller.rb:27
  [1m[35m (30.3ms)[0m  [1m[36mcommit transaction[0m
  ↳ app/controllers/posts_controller.rb:27
Redirected to http://localhost:3000/posts/7
Completed 302 Found in 53ms (ActiveRecord: 32.9ms)


Started GET "/posts/7" for ::1 at 2024-12-19 16:44:32 +0900
Processing by PostsController#show as HTML
  Parameters: {"id"=>"7"}
  [1m[36mPost Load (0.3ms)[0m  [1m[34mSELECT  "posts".* FROM "posts" WHERE "posts"."id" = ? LIMIT ?[0m  [["id", 7], ["LIMIT", 1]]
  ↳ app/controllers/posts_controller.rb:63
  Rendering posts/show.html.erb within layouts/application
  Rendered posts/_post.html.erb (0.8ms)
  Rendered posts/show.html.erb within layouts/application (5.1ms)
  Rendered layouts/_header.html.erb (0.5ms)
  Rendered layouts/_flash.html.erb (156.2ms)
Completed 500 Internal Server Error in 265ms (ActiveRecord: 0.3ms)


  
ActionView::Template::Error (undefined method `bs4_bgcolor_for' for #<#<Class:0x00000238b4588e20>:0x00000238b5b19b90>
Did you mean?  bs4_bg_color_for):
    1: <div class="my-3">
    2:   <%= flash.each do |key, value| %>
    3:     <div class="alert <%= bs4_bgcolor_for(key) %> alert-dismissable fade show">
    4: 			<%= value %>
    5: 			<button class="close" data-dismiss="alert"></button>
    6: 		</div>
  
app/views/layouts/_flash.html.erb:3:in `block in _app_views_layouts__flash_html_erb__483360776_16240'
app/views/layouts/_flash.html.erb:2:in `_app_views_layouts__flash_html_erb__483360776_16240'
app/views/layouts/application.html.erb:18:in `_app_views_layouts_application_html_erb__725618756_16200'
Started GET "/posts/7" for ::1 at 2024-12-19 16:45:34 +0900
Processing by PostsController#show as HTML
  Parameters: {"id"=>"7"}
  [1m[36mPost Load (0.4ms)[0m  [1m[34mSELECT  "posts".* FROM "posts" WHERE "posts"."id" = ? LIMIT ?[0m  [["id", 7], ["LIMIT", 1]]
  ↳ app/controllers/posts_controller.rb:63
  Rendering posts/show.html.erb within layouts/application
  Rendered posts/_post.html.erb (1.2ms)
  Rendered posts/show.html.erb within layouts/application (20.7ms)
  Rendered layouts/_header.html.erb (1.0ms)
  Rendered layouts/_flash.html.erb (110.3ms)
Completed 500 Internal Server Error in 290ms (ActiveRecord: 0.4ms)


  
ActionView::Template::Error (undefined method `bs4_bgcolor_for' for #<#<Class:0x00000238b4588e20>:0x00000238b61003d8>
Did you mean?  bs4_bg_color_for):
    1: <div class="my-3">
    2:   <% flash.each do |key, value| %>
    3:     <div class="alert <%= bs4_bgcolor_for(key) %> alert-dismissable fade show">
    4: 			<%= value %>
    5: 			<button class="close" data-dismiss="alert"></button>
    6: 		</div>
  
app/views/layouts/_flash.html.erb:3:in `block in _app_views_layouts__flash_html_erb__483360776_16960'
app/views/layouts/_flash.html.erb:2:in `_app_views_layouts__flash_html_erb__483360776_16960'
app/views/layouts/application.html.erb:18:in `_app_views_layouts_application_html_erb__725618756_16920'
Started GET "/posts" for ::1 at 2024-12-19 16:45:37 +0900
Processing by PostsController#index as HTML
  Rendering posts/index.html.erb within layouts/application
  [1m[36mPost Load (0.5ms)[0m  [1m[34mSELECT "posts".* FROM "posts"[0m
  ↳ app/views/posts/index.html.erb:4
  Rendered collection of posts/_post.html.erb [6 times] (3.2ms)
  Rendered posts/index.html.erb within layouts/application (13.9ms)
  Rendered layouts/_header.html.erb (0.6ms)
  Rendered layouts/_flash.html.erb (107.0ms)
Completed 500 Internal Server Error in 214ms (ActiveRecord: 0.5ms)


  
ActionView::Template::Error (undefined method `bs4_bgcolor_for' for #<#<Class:0x00000238b4588e20>:0x00000238b6417918>
Did you mean?  bs4_bg_color_for):
    1: <div class="my-3">
    2:   <% flash.each do |key, value| %>
    3:     <div class="alert <%= bs4_bgcolor_for(key) %> alert-dismissable fade show">
    4: 			<%= value %>
    5: 			<button class="close" data-dismiss="alert"></button>
    6: 		</div>
  
app/views/layouts/_flash.html.erb:3:in `block in _app_views_layouts__flash_html_erb__483360776_17620'
app/views/layouts/_flash.html.erb:2:in `_app_views_layouts__flash_html_erb__483360776_17620'
app/views/layouts/application.html.erb:18:in `_app_views_layouts_application_html_erb__725618756_17580'
Started POST "/posts" for ::1 at 2024-12-19 16:45:45 +0900
Processing by PostsController#create as HTML
  Parameters: {"utf8"=>"✓", "authenticity_token"=>"4/4Lt1Gd9OvRq5wCz9yZPDrjnKoeR4SHUEEtiEV32SzeY0PY4+JL0CE8Qttye5EM6ynF+sR52/2sp6T+UKDvbQ==", "post"=>{"title"=>"ねむにゃん", "content"=>"ねむねむにゃんこだにゃん"}, "commit"=>"Create Post"}
  [1m[35m (0.1ms)[0m  [1m[36mbegin transaction[0m
  ↳ app/controllers/posts_controller.rb:27
  [1m[36mPost Create (5.7ms)[0m  [1m[32mINSERT INTO "posts" ("title", "content", "created_at", "updated_at") VALUES (?, ?, ?, ?)[0m  [["title", "ねむにゃん"], ["content", "ねむねむにゃんこだにゃん"], ["created_at", "2024-12-19 07:45:45.183493"], ["updated_at", "2024-12-19 07:45:45.183493"]]
  ↳ app/controllers/posts_controller.rb:27
  [1m[35m (8.1ms)[0m  [1m[36mcommit transaction[0m
  ↳ app/controllers/posts_controller.rb:27
Redirected to http://localhost:3000/posts/8
Completed 302 Found in 23ms (ActiveRecord: 13.9ms)


Started GET "/posts/8" for ::1 at 2024-12-19 16:45:45 +0900
Processing by PostsController#show as HTML
  Parameters: {"id"=>"8"}
  [1m[36mPost Load (0.8ms)[0m  [1m[34mSELECT  "posts".* FROM "posts" WHERE "posts"."id" = ? LIMIT ?[0m  [["id", 8], ["LIMIT", 1]]
  ↳ app/controllers/posts_controller.rb:63
  Rendering posts/show.html.erb within layouts/application
  Rendered posts/_post.html.erb (1.6ms)
  Rendered posts/show.html.erb within layouts/application (9.6ms)
  Rendered layouts/_header.html.erb (0.7ms)
  Rendered layouts/_flash.html.erb (118.9ms)
Completed 500 Internal Server Error in 238ms (ActiveRecord: 0.8ms)


  
ActionView::Template::Error (undefined method `bs4_bgcolor_for' for #<#<Class:0x00000238b4588e20>:0x00000238b2388bb8>
Did you mean?  bs4_bg_color_for):
    1: <div class="my-3">
    2:   <% flash.each do |key, value| %>
    3:     <div class="alert <%= bs4_bgcolor_for(key) %> alert-dismissable fade show">
    4: 			<%= value %>
    5: 			<button class="close" data-dismiss="alert"></button>
    6: 		</div>
  
app/views/layouts/_flash.html.erb:3:in `block in _app_views_layouts__flash_html_erb__483360776_18280'
app/views/layouts/_flash.html.erb:2:in `_app_views_layouts__flash_html_erb__483360776_18280'
app/views/layouts/application.html.erb:18:in `_app_views_layouts_application_html_erb__725618756_18240'
Started POST "/posts" for ::1 at 2024-12-19 16:51:15 +0900
Processing by PostsController#create as HTML
  Parameters: {"utf8"=>"✓", "authenticity_token"=>"4/4Lt1Gd9OvRq5wCz9yZPDrjnKoeR4SHUEEtiEV32SzeY0PY4+JL0CE8Qttye5EM6ynF+sR52/2sp6T+UKDvbQ==", "post"=>{"title"=>"ねむにゃん", "content"=>"ねむねむにゃんこだにゃん"}, "commit"=>"Create Post"}
  [1m[35m (0.1ms)[0m  [1m[36mbegin transaction[0m
  ↳ app/controllers/posts_controller.rb:27
  [1m[36mPost Create (4.2ms)[0m  [1m[32mINSERT INTO "posts" ("title", "content", "created_at", "updated_at") VALUES (?, ?, ?, ?)[0m  [["title", "ねむにゃん"], ["content", "ねむねむにゃんこだにゃん"], ["created_at", "2024-12-19 07:51:15.229862"], ["updated_at", "2024-12-19 07:51:15.229862"]]
  ↳ app/controllers/posts_controller.rb:27
  [1m[35m (22.1ms)[0m  [1m[36mcommit transaction[0m
  ↳ app/controllers/posts_controller.rb:27
Redirected to http://localhost:3000/posts/9
Completed 302 Found in 37ms (ActiveRecord: 26.4ms)


Started GET "/posts/9" for ::1 at 2024-12-19 16:51:15 +0900
Processing by PostsController#show as HTML
  Parameters: {"id"=>"9"}
  [1m[36mPost Load (0.6ms)[0m  [1m[34mSELECT  "posts".* FROM "posts" WHERE "posts"."id" = ? LIMIT ?[0m  [["id", 9], ["LIMIT", 1]]
  ↳ app/controllers/posts_controller.rb:63
  Rendering posts/show.html.erb within layouts/application
  Rendered posts/_post.html.erb (1.0ms)
  Rendered posts/show.html.erb within layouts/application (5.7ms)
  Rendered layouts/_header.html.erb (2.4ms)
  Rendered layouts/_flash.html.erb (117.7ms)
Completed 500 Internal Server Error in 223ms (ActiveRecord: 0.6ms)


  
ActionView::Template::Error (undefined method `bs4_bgcolor_for' for #<#<Class:0x00000238b4588e20>:0x00000238b5d59630>
Did you mean?  bs4_bg_color_for):
    1: <div class="my-3">
    2:   <% flash.each do |key, value| %>
    3:     <div class="alert <%= bs4_bgcolor_for(key) %> alert-dismissable fade show">
    4: 			<%= value %>
    5: 			<button class="close" data-dismiss="alert"></button>
    6: 		</div>
  
app/views/layouts/_flash.html.erb:3:in `block in _app_views_layouts__flash_html_erb__483360776_18980'
app/views/layouts/_flash.html.erb:2:in `_app_views_layouts__flash_html_erb__483360776_18980'
app/views/layouts/application.html.erb:18:in `_app_views_layouts_application_html_erb__725618756_18940'
Started GET "/posts/9" for ::1 at 2024-12-19 16:51:18 +0900
Processing by PostsController#show as HTML
  Parameters: {"id"=>"9"}
  [1m[36mPost Load (0.3ms)[0m  [1m[34mSELECT  "posts".* FROM "posts" WHERE "posts"."id" = ? LIMIT ?[0m  [["id", 9], ["LIMIT", 1]]
  ↳ app/controllers/posts_controller.rb:63
  Rendering posts/show.html.erb within layouts/application
  Rendered posts/_post.html.erb (2.0ms)
  Rendered posts/show.html.erb within layouts/application (7.6ms)
  Rendered layouts/_header.html.erb (1.1ms)
  Rendered layouts/_flash.html.erb (106.9ms)
Completed 500 Internal Server Error in 216ms (ActiveRecord: 0.3ms)


  
ActionView::Template::Error (undefined method `bs4_bgcolor_for' for #<#<Class:0x00000238b4588e20>:0x00000238b50aa7b8>
Did you mean?  bs4_bg_color_for):
    1: <div class="my-3">
    2:   <% flash.each do |key, value| %>
    3:     <div class="alert <%= bs4_bgcolor_for(key) %> alert-dismissable fade show">
    4: 			<%= value %>
    5: 			<button class="close" data-dismiss="alert"></button>
    6: 		</div>
  
app/views/layouts/_flash.html.erb:3:in `block in _app_views_layouts__flash_html_erb__483360776_19640'
app/views/layouts/_flash.html.erb:2:in `_app_views_layouts__flash_html_erb__483360776_19640'
app/views/layouts/application.html.erb:18:in `_app_views_layouts_application_html_erb__725618756_19600'
Started GET "/posts/9" for ::1 at 2024-12-19 16:51:59 +0900
Processing by PostsController#show as HTML
  Parameters: {"id"=>"9"}
  [1m[36mPost Load (0.5ms)[0m  [1m[34mSELECT  "posts".* FROM "posts" WHERE "posts"."id" = ? LIMIT ?[0m  [["id", 9], ["LIMIT", 1]]
  ↳ app/controllers/posts_controller.rb:63
  Rendering posts/show.html.erb within layouts/application
  Rendered posts/_post.html.erb (1.0ms)
  Rendered posts/show.html.erb within layouts/application (6.8ms)
  Rendered layouts/_header.html.erb (0.5ms)
  Rendered layouts/_flash.html.erb (0.4ms)
  Rendered layouts/_footer.html.erb (0.3ms)
Completed 200 OK in 128ms (Views: 104.7ms | ActiveRecord: 1.7ms)


Started DELETE "/posts/9" for ::1 at 2024-12-19 16:52:06 +0900
Processing by PostsController#destroy as HTML
  Parameters: {"authenticity_token"=>"Eaoqb8B3bp5r+9jH16lrVXVFcgGCB+lTun5Nl+qlffCAowOSWhFbY1N8ces9/hEjjEnYTzetNYf5mQZIK8qzag==", "id"=>"9"}
  [1m[36mPost Load (0.3ms)[0m  [1m[34mSELECT  "posts".* FROM "posts" WHERE "posts"."id" = ? LIMIT ?[0m  [["id", 9], ["LIMIT", 1]]
  ↳ app/controllers/posts_controller.rb:63
  [1m[35m (0.1ms)[0m  [1m[36mbegin transaction[0m
  ↳ app/controllers/posts_controller.rb:52
  [1m[36mPost Destroy (4.6ms)[0m  [1m[31mDELETE FROM "posts" WHERE "posts"."id" = ?[0m  [["id", 9]]
  ↳ app/controllers/posts_controller.rb:52
  [1m[35m (23.4ms)[0m  [1m[36mcommit transaction[0m
  ↳ app/controllers/posts_controller.rb:52
Redirected to http://localhost:3000/posts
Completed 303 See Other in 38ms (ActiveRecord: 28.4ms)


Started GET "/posts" for ::1 at 2024-12-19 16:52:06 +0900
Processing by PostsController#index as HTML
  Rendering posts/index.html.erb within layouts/application
  [1m[36mPost Load (0.4ms)[0m  [1m[34mSELECT "posts".* FROM "posts"[0m
  ↳ app/views/posts/index.html.erb:4
  Rendered collection of posts/_post.html.erb [7 times] (2.6ms)
  Rendered posts/index.html.erb within layouts/application (11.9ms)
  Rendered layouts/_header.html.erb (0.5ms)
  Rendered layouts/_flash.html.erb (0.5ms)
  Rendered layouts/_footer.html.erb (0.3ms)
Completed 200 OK in 112ms (Views: 104.3ms | ActiveRecord: 0.4ms)


Started GET "/posts" for ::1 at 2024-12-19 16:54:20 +0900
Processing by PostsController#index as HTML
  Rendering posts/index.html.erb within layouts/application
  [1m[36mPost Load (0.3ms)[0m  [1m[34mSELECT "posts".* FROM "posts"[0m
  ↳ app/views/posts/index.html.erb:3
  Rendered collection of posts/_post.html.erb [7 times] (2.1ms)
  Rendered posts/index.html.erb within layouts/application (8.0ms)
  Rendered layouts/_header.html.erb (0.5ms)
  Rendered layouts/_flash.html.erb (0.4ms)
  Rendered layouts/_footer.html.erb (0.5ms)
Completed 200 OK in 132ms (Views: 110.1ms | ActiveRecord: 0.3ms)


Started DELETE "/posts/7" for ::1 at 2024-12-19 16:54:26 +0900
Processing by PostsController#destroy as HTML
  Parameters: {"authenticity_token"=>"WuayhjsvGHCImDk4zxiWRv6OztMzC1sVb2oebTdUxnPL75t7oUktjbAfkBQlT+wwB4JknYahh8EsjVWy9jsI6Q==", "id"=>"7"}
  [1m[36mPost Load (0.3ms)[0m  [1m[34mSELECT  "posts".* FROM "posts" WHERE "posts"."id" = ? LIMIT ?[0m  [["id", 7], ["LIMIT", 1]]
  ↳ app/controllers/posts_controller.rb:63
  [1m[35m (0.1ms)[0m  [1m[36mbegin transaction[0m
  ↳ app/controllers/posts_controller.rb:52
  [1m[36mPost Destroy (4.8ms)[0m  [1m[31mDELETE FROM "posts" WHERE "posts"."id" = ?[0m  [["id", 7]]
  ↳ app/controllers/posts_controller.rb:52
  [1m[35m (17.7ms)[0m  [1m[36mcommit transaction[0m
  ↳ app/controllers/posts_controller.rb:52
Redirected to http://localhost:3000/posts
Completed 303 See Other in 35ms (ActiveRecord: 22.9ms)


Started GET "/posts" for ::1 at 2024-12-19 16:54:26 +0900
Processing by PostsController#index as HTML
  Rendering posts/index.html.erb within layouts/application
  [1m[36mPost Load (0.3ms)[0m  [1m[34mSELECT "posts".* FROM "posts"[0m
  ↳ app/views/posts/index.html.erb:3
  Rendered collection of posts/_post.html.erb [6 times] (1.9ms)
  Rendered posts/index.html.erb within layouts/application (11.5ms)
  Rendered layouts/_header.html.erb (1.4ms)
  Rendered layouts/_flash.html.erb (0.5ms)
  Rendered layouts/_footer.html.erb (0.5ms)
Completed 200 OK in 129ms (Views: 122.2ms | ActiveRecord: 0.3ms)


Started DELETE "/posts/8" for ::1 at 2024-12-19 16:54:29 +0900
Processing by PostsController#destroy as HTML
  Parameters: {"authenticity_token"=>"XckvSCW/FNdi0OQz8k6TW3ZL+IX83x6DaqDPMHE7KzLMwAa1v9khKlpXTR8YGektj0dSy0l1wlcpR4TvsFTlqA==", "id"=>"8"}
  [1m[36mPost Load (0.4ms)[0m  [1m[34mSELECT  "posts".* FROM "posts" WHERE "posts"."id" = ? LIMIT ?[0m  [["id", 8], ["LIMIT", 1]]
  ↳ app/controllers/posts_controller.rb:63
  [1m[35m (0.1ms)[0m  [1m[36mbegin transaction[0m
  ↳ app/controllers/posts_controller.rb:52
  [1m[36mPost Destroy (1.5ms)[0m  [1m[31mDELETE FROM "posts" WHERE "posts"."id" = ?[0m  [["id", 8]]
  ↳ app/controllers/posts_controller.rb:52
  [1m[35m (17.3ms)[0m  [1m[36mcommit transaction[0m
  ↳ app/controllers/posts_controller.rb:52
Redirected to http://localhost:3000/posts
Completed 303 See Other in 31ms (ActiveRecord: 19.4ms)


Started GET "/posts" for ::1 at 2024-12-19 16:54:29 +0900
Processing by PostsController#index as HTML
  Rendering posts/index.html.erb within layouts/application
  [1m[36mPost Load (0.3ms)[0m  [1m[34mSELECT "posts".* FROM "posts"[0m
  ↳ app/views/posts/index.html.erb:3
  Rendered collection of posts/_post.html.erb [5 times] (1.9ms)
  Rendered posts/index.html.erb within layouts/application (11.9ms)
  Rendered layouts/_header.html.erb (0.6ms)
  Rendered layouts/_flash.html.erb (0.5ms)
  Rendered layouts/_footer.html.erb (0.5ms)
Completed 200 OK in 104ms (Views: 96.0ms | ActiveRecord: 0.3ms)


